*** START EMPS ***
number of particle: 19136
nBx:27 nBy:9 nBz:30 nBxy:243 nBxyz:7290
n0: 14.418575 lambda: 0.000681
a1: 0.000611 a2:33.567810 a3:-0.208065
    0 th TIME: 0.000000 / pNum: 19136
  100 th TIME: 0.050000 / pNum: 19136
  200 th TIME: 0.100000 / pNum: 19136
  300 th TIME: 0.150000 / pNum: 19136
  400 th TIME: 0.200000 / pNum: 19136
  500 th TIME: 0.250000 / pNum: 19136
  600 th TIME: 0.300000 / pNum: 19136
  700 th TIME: 0.350000 / pNum: 19136
  800 th TIME: 0.400000 / pNum: 19136
  900 th TIME: 0.450000 / pNum: 19136
 1000 th TIME: 0.500000 / pNum: 19136
 1100 th TIME: 0.550000 / pNum: 19136
 1200 th TIME: 0.600000 / pNum: 19136
 1300 th TIME: 0.650000 / pNum: 19136
 1400 th TIME: 0.700000 / pNum: 19134
 1500 th TIME: 0.750000 / pNum: 19132
 1600 th TIME: 0.800000 / pNum: 19126
 1700 th TIME: 0.850000 / pNum: 19126
 1800 th TIME: 0.900000 / pNum: 19124
 1900 th TIME: 0.950000 / pNum: 19124
 2000 th TIME: 1.000000 / pNum: 19122
 2100 th TIME: 1.050000 / pNum: 19121
Total:    126.065299 sec

クロージャを使うと173.479008 sec
