
*** START PARTICLE-SIMULATION ***
*** INITIALIZE PARTICLE ***
*** INITIALIZE CONSTANT ***
*** START MAIN LOOP ***
Number of particles: 2010
TimeStepNumber:    2 Time: 0.006000(s) TimeStamp: 0.449735(s)
TimeStepNumber:    4 Time: 0.012000(s) TimeStamp: 0.449118(s)
TimeStepNumber:    6 Time: 0.018000(s) TimeStamp: 0.448148(s)
TimeStepNumber:    8 Time: 0.024000(s) TimeStamp: 0.446825(s)
TimeStepNumber:   10 Time: 0.030000(s) TimeStamp: 0.445149(s)
TimeStepNumber:   12 Time: 0.036000(s) TimeStamp: 0.443120(s)
TimeStepNumber:   14 Time: 0.042000(s) TimeStamp: 0.440739(s)
TimeStepNumber:   16 Time: 0.048000(s) TimeStamp: 0.438005(s)
TimeStepNumber:   18 Time: 0.054000(s) TimeStamp: 0.434918(s)
TimeStepNumber:   20 Time: 0.060000(s) TimeStamp: 0.431478(s)
TimeStepNumber:   22 Time: 0.066000(s) TimeStamp: 0.427686(s)
TimeStepNumber:   24 Time: 0.072000(s) TimeStamp: 0.423543(s)
TimeStepNumber:   26 Time: 0.078000(s) TimeStamp: 0.419051(s)
TimeStepNumber:   28 Time: 0.084000(s) TimeStamp: 0.414211(s)
TimeStepNumber:   30 Time: 0.090000(s) TimeStamp: 0.409023(s)
TimeStepNumber:   32 Time: 0.096000(s) TimeStamp: 0.403489(s)
TimeStepNumber:   34 Time: 0.102000(s) TimeStamp: 0.397608(s)
TimeStepNumber:   36 Time: 0.108000(s) TimeStamp: 0.391383(s)
TimeStepNumber:   38 Time: 0.114000(s) TimeStamp: 0.384811(s)
TimeStepNumber:   40 Time: 0.120000(s) TimeStamp: 0.377892(s)
TimeStepNumber:   42 Time: 0.126000(s) TimeStamp: 0.370623(s)
TimeStepNumber:   44 Time: 0.132000(s) TimeStamp: 0.363003(s)
TimeStepNumber:   46 Time: 0.138000(s) TimeStamp: 0.355033(s)
TimeStepNumber:   48 Time: 0.144000(s) TimeStamp: 0.346717(s)
TimeStepNumber:   50 Time: 0.150000(s) TimeStamp: 0.338059(s)
TimeStepNumber:   52 Time: 0.156000(s) TimeStamp: 0.329063(s)
TimeStepNumber:   54 Time: 0.162000(s) TimeStamp: 0.319728(s)
TimeStepNumber:   56 Time: 0.168000(s) TimeStamp: 0.310055(s)
TimeStepNumber:   58 Time: 0.174000(s) TimeStamp: 0.300043(s)
TimeStepNumber:   60 Time: 0.180000(s) TimeStamp: 0.289691(s)
TimeStepNumber:   62 Time: 0.186000(s) TimeStamp: 0.279005(s)
TimeStepNumber:   64 Time: 0.192000(s) TimeStamp: 0.268011(s)
TimeStepNumber:   66 Time: 0.198000(s) TimeStamp: 0.256727(s)
TimeStepNumber:   68 Time: 0.204000(s) TimeStamp: 0.245170(s)
TimeStepNumber:   70 Time: 0.210000(s) TimeStamp: 0.233384(s)
TimeStepNumber:   72 Time: 0.216000(s) TimeStamp: 0.221403(s)
TimeStepNumber:   74 Time: 0.222000(s) TimeStamp: 0.209242(s)
TimeStepNumber:   76 Time: 0.228000(s) TimeStamp: 0.196892(s)
TimeStepNumber:   78 Time: 0.234000(s) TimeStamp: 0.184322(s)
TimeStepNumber:   80 Time: 0.240000(s) TimeStamp: 0.171506(s)
TimeStepNumber:   82 Time: 0.246000(s) TimeStamp: 0.158495(s)
TimeStepNumber:   84 Time: 0.252000(s) TimeStamp: 0.145352(s)
TimeStepNumber:   86 Time: 0.258000(s) TimeStamp: 0.132204(s)
TimeStepNumber:   88 Time: 0.264000(s) TimeStamp: 0.119296(s)
TimeStepNumber:   90 Time: 0.270000(s) TimeStamp: 0.106910(s)
TimeStepNumber:   92 Time: 0.276000(s) TimeStamp: 0.095250(s)
TimeStepNumber:   94 Time: 0.282000(s) TimeStamp: 0.084538(s)
TimeStepNumber:   96 Time: 0.288000(s) TimeStamp: 0.074703(s)
TimeStepNumber:   98 Time: 0.294000(s) TimeStamp: 0.065045(s)
TimeStepNumber:  100 Time: 0.300000(s) TimeStamp: 0.055436(s)
TimeStepNumber:  102 Time: 0.306000(s) TimeStamp: 0.045898(s)
TimeStepNumber:  104 Time: 0.312000(s) TimeStamp: 0.036426(s)
TimeStepNumber:  106 Time: 0.318000(s) TimeStamp: 0.026988(s)
TimeStepNumber:  108 Time: 0.324000(s) TimeStamp: 0.017516(s)
TimeStepNumber:  110 Time: 0.330000(s) TimeStamp: 0.007904(s)
TimeStepNumber:  112 Time: 0.336000(s) TimeStamp: -0.001940(s)
TimeStepNumber:  114 Time: 0.342000(s) TimeStamp: -0.012078(s)
TimeStepNumber:  116 Time: 0.348000(s) TimeStamp: -0.022544(s)
TimeStepNumber:  118 Time: 0.354000(s) TimeStamp: -0.033352(s)
TimeStepNumber:  120 Time: 0.360000(s) TimeStamp: -0.044510(s)
TimeStepNumber:  122 Time: 0.366000(s) TimeStamp: -0.056021(s)
TimeStepNumber:  124 Time: 0.372000(s) TimeStamp: -0.067884(s)
TimeStepNumber:  126 Time: 0.378000(s) TimeStamp: -0.080101(s)
TimeStepNumber:  128 Time: 0.384000(s) TimeStamp: -0.092670(s)
TimeStepNumber:  130 Time: 0.390000(s) TimeStamp: -0.105592(s)
TimeStepNumber:  132 Time: 0.396000(s) TimeStamp: -0.118867(s)
TimeStepNumber:  134 Time: 0.402000(s) TimeStamp: -0.132494(s)
TimeStepNumber:  136 Time: 0.408000(s) TimeStamp: -0.146474(s)
TimeStepNumber:  138 Time: 0.414000(s) TimeStamp: -0.160807(s)
TimeStepNumber:  140 Time: 0.420000(s) TimeStamp: -0.175493(s)
TimeStepNumber:  142 Time: 0.426000(s) TimeStamp: -0.190532(s)
TimeStepNumber:  144 Time: 0.432000(s) TimeStamp: -0.205924(s)
TimeStepNumber:  146 Time: 0.438000(s) TimeStamp: -0.221668(s)
TimeStepNumber:  148 Time: 0.444000(s) TimeStamp: -0.237765(s)
TimeStepNumber:  150 Time: 0.450000(s) TimeStamp: -0.254215(s)
TimeStepNumber:  152 Time: 0.456000(s) TimeStamp: -0.271018(s)
TimeStepNumber:  154 Time: 0.462000(s) TimeStamp: -0.288173(s)
TimeStepNumber:  156 Time: 0.468000(s) TimeStamp: -0.305682(s)
TimeStepNumber:  158 Time: 0.474000(s) TimeStamp: -0.323543(s)
TimeStepNumber:  160 Time: 0.480000(s) TimeStamp: -0.341757(s)
TimeStepNumber:  162 Time: 0.486000(s) TimeStamp: -0.360323(s)
TimeStepNumber:  164 Time: 0.492000(s) TimeStamp: -0.379243(s)
TimeStepNumber:  166 Time: 0.498000(s) TimeStamp: -0.398515(s)
TimeStepNumber:  168 Time: 0.504000(s) TimeStamp: -0.418140(s)
TimeStepNumber:  170 Time: 0.510000(s) TimeStamp: -0.438118(s)
TimeStepNumber:  172 Time: 0.516000(s) TimeStamp: -0.458449(s)
TimeStepNumber:  174 Time: 0.522000(s) TimeStamp: -0.479132(s)
TimeStepNumber:  176 Time: 0.528000(s) TimeStamp: -0.500169(s)
TimeStepNumber:  178 Time: 0.534000(s) TimeStamp: -0.521558(s)
TimeStepNumber:  180 Time: 0.540000(s) TimeStamp: -0.543300(s)
TimeStepNumber:  182 Time: 0.546000(s) TimeStamp: -0.565395(s)
TimeStepNumber:  184 Time: 0.552000(s) TimeStamp: -0.587842(s)
TimeStepNumber:  186 Time: 0.558000(s) TimeStamp: -0.610642(s)
TimeStepNumber:  188 Time: 0.564000(s) TimeStamp: -0.633796(s)
TimeStepNumber:  190 Time: 0.570000(s) TimeStamp: -0.657301(s)
TimeStepNumber:  192 Time: 0.576000(s) TimeStamp: -0.681160(s)
TimeStepNumber:  194 Time: 0.582000(s) TimeStamp: -0.705372(s)
TimeStepNumber:  196 Time: 0.588000(s) TimeStamp: -0.729936(s)
TimeStepNumber:  198 Time: 0.594000(s) TimeStamp: -0.754853(s)
TimeStepNumber:  200 Time: 0.600000(s) TimeStamp: -0.780123(s)
TimeStepNumber:  202 Time: 0.606000(s) TimeStamp: -0.805746(s)
TimeStepNumber:  204 Time: 0.612000(s) TimeStamp: -0.831721(s)
TimeStepNumber:  206 Time: 0.618000(s) TimeStamp: -0.858050(s)
TimeStepNumber:  208 Time: 0.624000(s) TimeStamp: -0.884731(s)
TimeStepNumber:  210 Time: 0.630000(s) TimeStamp: -0.911765(s)
TimeStepNumber:  212 Time: 0.636000(s) TimeStamp: -0.939151(s)
TimeStepNumber:  214 Time: 0.642000(s) TimeStamp: -0.966891(s)
TimeStepNumber:  216 Time: 0.648000(s) TimeStamp: -0.994983(s)
TimeStepNumber:  218 Time: 0.654000(s) TimeStamp: -1.023428(s)
TimeStepNumber:  220 Time: 0.660000(s) TimeStamp: -1.052226(s)
TimeStepNumber:  222 Time: 0.666000(s) TimeStamp: -1.081377(s)
TimeStepNumber:  224 Time: 0.672000(s) TimeStamp: -1.110881(s)
TimeStepNumber:  226 Time: 0.678000(s) TimeStamp: -1.140737(s)
TimeStepNumber:  228 Time: 0.684000(s) TimeStamp: -1.170946(s)
TimeStepNumber:  230 Time: 0.690000(s) TimeStamp: -1.201508(s)
TimeStepNumber:  232 Time: 0.696000(s) TimeStamp: -1.232423(s)
TimeStepNumber:  234 Time: 0.702000(s) TimeStamp: -1.263690(s)
TimeStepNumber:  236 Time: 0.708000(s) TimeStamp: -1.295310(s)
TimeStepNumber:  238 Time: 0.714000(s) TimeStamp: -1.327284(s)
TimeStepNumber:  240 Time: 0.720000(s) TimeStamp: -1.359609(s)
TimeStepNumber:  242 Time: 0.726000(s) TimeStamp: -1.392288(s)
TimeStepNumber:  244 Time: 0.732000(s) TimeStamp: -1.425320(s)
TimeStepNumber:  246 Time: 0.738000(s) TimeStamp: -1.458704(s)
TimeStepNumber:  248 Time: 0.744000(s) TimeStamp: -1.492441(s)
TimeStepNumber:  250 Time: 0.750000(s) TimeStamp: -1.526531(s)
TimeStepNumber:  252 Time: 0.756000(s) TimeStamp: -1.560974(s)
TimeStepNumber:  254 Time: 0.762000(s) TimeStamp: -1.595769(s)
TimeStepNumber:  256 Time: 0.768000(s) TimeStamp: -1.630918(s)
TimeStepNumber:  258 Time: 0.774000(s) TimeStamp: -1.666419(s)
TimeStepNumber:  260 Time: 0.780000(s) TimeStamp: -1.702273(s)
TimeStepNumber:  262 Time: 0.786000(s) TimeStamp: -1.738479(s)
TimeStepNumber:  264 Time: 0.792000(s) TimeStamp: -1.775039(s)
TimeStepNumber:  266 Time: 0.798000(s) TimeStamp: -1.811951(s)
TimeStepNumber:  268 Time: 0.804000(s) TimeStamp: -1.849216(s)
TimeStepNumber:  270 Time: 0.810000(s) TimeStamp: -1.886834(s)
TimeStepNumber:  272 Time: 0.816000(s) TimeStamp: -1.924805(s)
TimeStepNumber:  274 Time: 0.822000(s) TimeStamp: -1.963129(s)
TimeStepNumber:  276 Time: 0.828000(s) TimeStamp: -2.001805(s)
TimeStepNumber:  278 Time: 0.834000(s) TimeStamp: -2.040834(s)
TimeStepNumber:  280 Time: 0.840000(s) TimeStamp: -2.080216(s)
TimeStepNumber:  282 Time: 0.846000(s) TimeStamp: -2.119951(s)
TimeStepNumber:  284 Time: 0.852000(s) TimeStamp: -2.160038(s)
TimeStepNumber:  286 Time: 0.858000(s) TimeStamp: -2.200478(s)
TimeStepNumber:  288 Time: 0.864000(s) TimeStamp: -2.241272(s)
TimeStepNumber:  290 Time: 0.870000(s) TimeStamp: -2.282418(s)
TimeStepNumber:  292 Time: 0.876000(s) TimeStamp: -2.323916(s)
TimeStepNumber:  294 Time: 0.882000(s) TimeStamp: -2.365768(s)
TimeStepNumber:  296 Time: 0.888000(s) TimeStamp: -2.407972(s)
TimeStepNumber:  298 Time: 0.894000(s) TimeStamp: -2.450529(s)
TimeStepNumber:  300 Time: 0.900000(s) TimeStamp: -2.493439(s)
TimeStepNumber:  302 Time: 0.906000(s) TimeStamp: -2.536702(s)
TimeStepNumber:  304 Time: 0.912000(s) TimeStamp: -2.580317(s)
TimeStepNumber:  306 Time: 0.918000(s) TimeStamp: -2.624286(s)
TimeStepNumber:  308 Time: 0.924000(s) TimeStamp: -2.668607(s)
TimeStepNumber:  310 Time: 0.930000(s) TimeStamp: -2.713281(s)
TimeStepNumber:  312 Time: 0.936000(s) TimeStamp: -2.758307(s)
TimeStepNumber:  314 Time: 0.942000(s) TimeStamp: -2.803687(s)
TimeStepNumber:  316 Time: 0.948000(s) TimeStamp: -2.849419(s)
TimeStepNumber:  318 Time: 0.954000(s) TimeStamp: -2.895504(s)
TimeStepNumber:  320 Time: 0.960000(s) TimeStamp: -2.941942(s)
TimeStepNumber:  322 Time: 0.966000(s) TimeStamp: -2.988733(s)
TimeStepNumber:  324 Time: 0.972000(s) TimeStamp: -3.035877(s)
TimeStepNumber:  326 Time: 0.978000(s) TimeStamp: -3.083373(s)
TimeStepNumber:  328 Time: 0.984000(s) TimeStamp: -3.131222(s)
TimeStepNumber:  330 Time: 0.990000(s) TimeStamp: -3.179424(s)
TimeStepNumber:  332 Time: 0.996000(s) TimeStamp: -3.227979(s)
TimeStepNumber:  334 Time: 1.002000(s) TimeStamp: -3.276886(s)
TimeStepNumber:  336 Time: 1.008000(s) TimeStamp: -3.326147(s)
TimeStepNumber:  338 Time: 1.014000(s) TimeStamp: -3.375760(s)
TimeStepNumber:  340 Time: 1.020000(s) TimeStamp: -3.425726(s)
TimeStepNumber:  342 Time: 1.026000(s) TimeStamp: -3.476044(s)
TimeStepNumber:  344 Time: 1.032000(s) TimeStamp: -3.526716(s)
TimeStepNumber:  346 Time: 1.038000(s) TimeStamp: -3.577740(s)
TimeStepNumber:  348 Time: 1.044000(s) TimeStamp: -3.629117(s)
TimeStepNumber:  350 Time: 1.050000(s) TimeStamp: -3.680847(s)
TimeStepNumber:  352 Time: 1.056000(s) TimeStamp: -3.732930(s)
TimeStepNumber:  354 Time: 1.062000(s) TimeStamp: -3.785365(s)
TimeStepNumber:  356 Time: 1.068000(s) TimeStamp: -3.838154(s)
TimeStepNumber:  358 Time: 1.074000(s) TimeStamp: -3.891295(s)
TimeStepNumber:  360 Time: 1.080000(s) TimeStamp: -3.944789(s)
TimeStepNumber:  362 Time: 1.086000(s) TimeStamp: -3.998635(s)
TimeStepNumber:  364 Time: 1.092000(s) TimeStamp: -4.052835(s)
TimeStepNumber:  366 Time: 1.098000(s) TimeStamp: -4.107387(s)
TimeStepNumber:  368 Time: 1.104000(s) TimeStamp: -4.162292(s)
TimeStepNumber:  370 Time: 1.110000(s) TimeStamp: -4.217550(s)
TimeStepNumber:  372 Time: 1.116000(s) TimeStamp: -4.273161(s)
TimeStepNumber:  374 Time: 1.122000(s) TimeStamp: -4.329125(s)
TimeStepNumber:  376 Time: 1.128000(s) TimeStamp: -4.385441(s)
TimeStepNumber:  378 Time: 1.134000(s) TimeStamp: -4.442110(s)
TimeStepNumber:  380 Time: 1.140000(s) TimeStamp: -4.499132(s)
TimeStepNumber:  382 Time: 1.146000(s) TimeStamp: -4.556507(s)
TimeStepNumber:  384 Time: 1.152000(s) TimeStamp: -4.614234(s)
TimeStepNumber:  386 Time: 1.158000(s) TimeStamp: -4.672315(s)
TimeStepNumber:  388 Time: 1.164000(s) TimeStamp: -4.730748(s)
TimeStepNumber:  390 Time: 1.170000(s) TimeStamp: -4.789534(s)
TimeStepNumber:  392 Time: 1.176000(s) TimeStamp: -4.848672(s)
TimeStepNumber:  394 Time: 1.182000(s) TimeStamp: -4.908164(s)
TimeStepNumber:  396 Time: 1.188000(s) TimeStamp: -4.968008(s)
TimeStepNumber:  398 Time: 1.194000(s) TimeStamp: -5.028205(s)
TimeStepNumber:  400 Time: 1.200000(s) TimeStamp: -5.088755(s)
TimeStepNumber:  402 Time: 1.206000(s) TimeStamp: -5.149658(s)
TimeStepNumber:  404 Time: 1.212000(s) TimeStamp: -5.210913(s)
TimeStepNumber:  406 Time: 1.218000(s) TimeStamp: -5.272522(s)
TimeStepNumber:  408 Time: 1.224000(s) TimeStamp: -5.334483(s)
TimeStepNumber:  410 Time: 1.230000(s) TimeStamp: -5.396797(s)
TimeStepNumber:  412 Time: 1.236000(s) TimeStamp: -5.459464(s)
TimeStepNumber:  414 Time: 1.242000(s) TimeStamp: -5.522483(s)
TimeStepNumber:  416 Time: 1.248000(s) TimeStamp: -5.585855(s)
TimeStepNumber:  418 Time: 1.254000(s) TimeStamp: -5.649581(s)
TimeStepNumber:  420 Time: 1.260000(s) TimeStamp: -5.713658(s)
TimeStepNumber:  422 Time: 1.266000(s) TimeStamp: -5.778089(s)
TimeStepNumber:  424 Time: 1.272000(s) TimeStamp: -5.842873(s)
TimeStepNumber:  426 Time: 1.278000(s) TimeStamp: -5.908009(s)
TimeStepNumber:  428 Time: 1.284000(s) TimeStamp: -5.973498(s)
TimeStepNumber:  430 Time: 1.290000(s) TimeStamp: -6.039340(s)
TimeStepNumber:  432 Time: 1.296000(s) TimeStamp: -6.105535(s)
TimeStepNumber:  434 Time: 1.302000(s) TimeStamp: -6.172082(s)
TimeStepNumber:  436 Time: 1.308000(s) TimeStamp: -6.238983(s)
TimeStepNumber:  438 Time: 1.314000(s) TimeStamp: -6.306236(s)
TimeStepNumber:  440 Time: 1.320000(s) TimeStamp: -6.373842(s)
TimeStepNumber:  442 Time: 1.326000(s) TimeStamp: -6.441800(s)
TimeStepNumber:  444 Time: 1.332000(s) TimeStamp: -6.510112(s)
TimeStepNumber:  446 Time: 1.338000(s) TimeStamp: -6.578776(s)
TimeStepNumber:  448 Time: 1.344000(s) TimeStamp: -6.647793(s)
TimeStepNumber:  450 Time: 1.350000(s) TimeStamp: -6.717163(s)
TimeStepNumber:  452 Time: 1.356000(s) TimeStamp: -6.786886(s)
TimeStepNumber:  454 Time: 1.362000(s) TimeStamp: -6.856961(s)
TimeStepNumber:  456 Time: 1.368000(s) TimeStamp: -6.927390(s)
TimeStepNumber:  458 Time: 1.374000(s) TimeStamp: -6.998171(s)
TimeStepNumber:  460 Time: 1.380000(s) TimeStamp: -7.069305(s)
TimeStepNumber:  462 Time: 1.386000(s) TimeStamp: -7.140792(s)
TimeStepNumber:  464 Time: 1.392000(s) TimeStamp: -7.212631(s)
TimeStepNumber:  466 Time: 1.398000(s) TimeStamp: -7.284823(s)
TimeStepNumber:  468 Time: 1.404000(s) TimeStamp: -7.357369(s)
TimeStepNumber:  470 Time: 1.410000(s) TimeStamp: -7.430266(s)
TimeStepNumber:  472 Time: 1.416000(s) TimeStamp: -7.503517(s)
TimeStepNumber:  474 Time: 1.422000(s) TimeStamp: -7.577121(s)
TimeStepNumber:  476 Time: 1.428000(s) TimeStamp: -7.651077(s)
TimeStepNumber:  478 Time: 1.434000(s) TimeStamp: -7.725386(s)
TimeStepNumber:  480 Time: 1.440000(s) TimeStamp: -7.800048(s)
TimeStepNumber:  482 Time: 1.446000(s) TimeStamp: -7.875063(s)
TimeStepNumber:  484 Time: 1.452000(s) TimeStamp: -7.950430(s)
TimeStepNumber:  486 Time: 1.458000(s) TimeStamp: -8.026151(s)
TimeStepNumber:  488 Time: 1.464000(s) TimeStamp: -8.102224(s)
TimeStepNumber:  490 Time: 1.470000(s) TimeStamp: -8.178650(s)
TimeStepNumber:  492 Time: 1.476000(s) TimeStamp: -8.255428(s)
TimeStepNumber:  494 Time: 1.482000(s) TimeStamp: -8.332560(s)
TimeStepNumber:  496 Time: 1.488000(s) TimeStamp: -8.410044(s)
TimeStepNumber:  498 Time: 1.494000(s) TimeStamp: -8.487881(s)
TimeStepNumber:  500 Time: 1.500000(s) TimeStamp: -8.566071(s)
TimeStepNumber:  502 Time: 1.506000(s) TimeStamp: -8.644614(s)
TimeStepNumber:  504 Time: 1.512000(s) TimeStamp: -8.723510(s)
TimeStepNumber:  506 Time: 1.518000(s) TimeStamp: -8.802758(s)
TimeStepNumber:  508 Time: 1.524000(s) TimeStamp: -8.882359(s)
TimeStepNumber:  510 Time: 1.530000(s) TimeStamp: -8.962313(s)
TimeStepNumber:  512 Time: 1.536000(s) TimeStamp: -9.042620(s)
TimeStepNumber:  514 Time: 1.542000(s) TimeStamp: -9.123279(s)
TimeStepNumber:  516 Time: 1.548000(s) TimeStamp: -9.204291(s)
TimeStepNumber:  518 Time: 1.554000(s) TimeStamp: -9.285657(s)
TimeStepNumber:  520 Time: 1.560000(s) TimeStamp: -9.367375(s)
TimeStepNumber:  522 Time: 1.566000(s) TimeStamp: -9.449445(s)
TimeStepNumber:  524 Time: 1.572000(s) TimeStamp: -9.531869(s)
TimeStepNumber:  526 Time: 1.578000(s) TimeStamp: -9.614645(s)
TimeStepNumber:  528 Time: 1.584000(s) TimeStamp: -9.697774(s)
TimeStepNumber:  530 Time: 1.590000(s) TimeStamp: -9.781256(s)
TimeStepNumber:  532 Time: 1.596000(s) TimeStamp: -9.865091(s)
TimeStepNumber:  534 Time: 1.602000(s) TimeStamp: -9.949278(s)
TimeStepNumber:  536 Time: 1.608000(s) TimeStamp: -10.033819(s)
TimeStepNumber:  538 Time: 1.614000(s) TimeStamp: -10.118712(s)
TimeStepNumber:  540 Time: 1.620000(s) TimeStamp: -10.203958(s)
TimeStepNumber:  542 Time: 1.626000(s) TimeStamp: -10.289556(s)
TimeStepNumber:  544 Time: 1.632000(s) TimeStamp: -10.375508(s)
TimeStepNumber:  546 Time: 1.638000(s) TimeStamp: -10.461812(s)
TimeStepNumber:  548 Time: 1.644000(s) TimeStamp: -10.548469(s)
TimeStepNumber:  550 Time: 1.650000(s) TimeStamp: -10.635479(s)
TimeStepNumber:  552 Time: 1.656000(s) TimeStamp: -10.722842(s)
TimeStepNumber:  554 Time: 1.662000(s) TimeStamp: -10.810558(s)
TimeStepNumber:  556 Time: 1.668000(s) TimeStamp: -10.898626(s)
TimeStepNumber:  558 Time: 1.674000(s) TimeStamp: -10.987047(s)
TimeStepNumber:  560 Time: 1.680000(s) TimeStamp: -11.075821(s)
TimeStepNumber:  562 Time: 1.686000(s) TimeStamp: -11.164948(s)
TimeStepNumber:  564 Time: 1.692000(s) TimeStamp: -11.254427(s)
TimeStepNumber:  566 Time: 1.698000(s) TimeStamp: -11.344260(s)
TimeStepNumber:  568 Time: 1.704000(s) TimeStamp: -11.434445(s)
TimeStepNumber:  570 Time: 1.710000(s) TimeStamp: -11.524983(s)
TimeStepNumber:  572 Time: 1.716000(s) TimeStamp: -11.615873(s)
TimeStepNumber:  574 Time: 1.722000(s) TimeStamp: -11.707117(s)
TimeStepNumber:  576 Time: 1.728000(s) TimeStamp: -11.798713(s)
TimeStepNumber:  578 Time: 1.734000(s) TimeStamp: -11.890662(s)
TimeStepNumber:  580 Time: 1.740000(s) TimeStamp: -11.982964(s)
TimeStepNumber:  582 Time: 1.746000(s) TimeStamp: -12.075619(s)
TimeStepNumber:  584 Time: 1.752000(s) TimeStamp: -12.168626(s)
TimeStepNumber:  586 Time: 1.758000(s) TimeStamp: -12.261987(s)
TimeStepNumber:  588 Time: 1.764000(s) TimeStamp: -12.355700(s)
TimeStepNumber:  590 Time: 1.770000(s) TimeStamp: -12.449766(s)
TimeStepNumber:  592 Time: 1.776000(s) TimeStamp: -12.544184(s)
TimeStepNumber:  594 Time: 1.782000(s) TimeStamp: -12.638956(s)
TimeStepNumber:  596 Time: 1.788000(s) TimeStamp: -12.734080(s)
TimeStepNumber:  598 Time: 1.794000(s) TimeStamp: -12.829557(s)
TimeStepNumber:  600 Time: 1.800000(s) TimeStamp: -12.925387(s)
TimeStepNumber:  602 Time: 1.806000(s) TimeStamp: -13.021570(s)
TimeStepNumber:  604 Time: 1.812000(s) TimeStamp: -13.118106(s)
TimeStepNumber:  606 Time: 1.818000(s) TimeStamp: -13.214994(s)
TimeStepNumber:  608 Time: 1.824000(s) TimeStamp: -13.312235(s)
TimeStepNumber:  610 Time: 1.830000(s) TimeStamp: -13.409829(s)
TimeStepNumber:  612 Time: 1.836000(s) TimeStamp: -13.507776(s)
TimeStepNumber:  614 Time: 1.842000(s) TimeStamp: -13.606075(s)
TimeStepNumber:  616 Time: 1.848000(s) TimeStamp: -13.704728(s)
TimeStepNumber:  618 Time: 1.854000(s) TimeStamp: -13.803733(s)
TimeStepNumber:  620 Time: 1.860000(s) TimeStamp: -13.903091(s)
TimeStepNumber:  622 Time: 1.866000(s) TimeStamp: -14.002801(s)
TimeStepNumber:  624 Time: 1.872000(s) TimeStamp: -14.102865(s)
TimeStepNumber:  626 Time: 1.878000(s) TimeStamp: -14.203281(s)
TimeStepNumber:  628 Time: 1.884000(s) TimeStamp: -14.304050(s)
TimeStepNumber:  630 Time: 1.890000(s) TimeStamp: -14.405172(s)
TimeStepNumber:  632 Time: 1.896000(s) TimeStamp: -14.506647(s)
TimeStepNumber:  634 Time: 1.902000(s) TimeStamp: -14.608474(s)
TimeStepNumber:  636 Time: 1.908000(s) TimeStamp: -14.710655(s)
TimeStepNumber:  638 Time: 1.914000(s) TimeStamp: -14.813188(s)
TimeStepNumber:  640 Time: 1.920000(s) TimeStamp: -14.916074(s)
TimeStepNumber:  642 Time: 1.926000(s) TimeStamp: -15.019313(s)
TimeStepNumber:  644 Time: 1.932000(s) TimeStamp: -15.122904(s)
TimeStepNumber:  646 Time: 1.938000(s) TimeStamp: -15.226848(s)
TimeStepNumber:  648 Time: 1.944000(s) TimeStamp: -15.331145(s)
TimeStepNumber:  650 Time: 1.950000(s) TimeStamp: -15.435795(s)
TimeStepNumber:  652 Time: 1.956000(s) TimeStamp: -15.540798(s)
TimeStepNumber:  654 Time: 1.962000(s) TimeStamp: -15.646154(s)
TimeStepNumber:  656 Time: 1.968000(s) TimeStamp: -15.751862(s)
TimeStepNumber:  658 Time: 1.974000(s) TimeStamp: -15.857923(s)
TimeStepNumber:  660 Time: 1.980000(s) TimeStamp: -15.964337(s)
TimeStepNumber:  662 Time: 1.986000(s) TimeStamp: -16.071104(s)
TimeStepNumber:  664 Time: 1.992000(s) TimeStamp: -16.178223(s)
TimeStepNumber:  666 Time: 1.998000(s) TimeStamp: -16.285696(s)
Total:      0.000000 sec
*** END ***

